# JRE version: Java(TM) SE Runtime Environment (8.0_231-b11) (build 1.8.0_231-b11)
# Java VM: Java HotSpot(TM) 64-Bit Server VM (25.231-b11 mixed mode windows-amd64 compressed oops)
Heap:
 PSYoungGen      total 141824K, used 61868K [0x00000000d5f00000, 0x00000000e1300000, 0x0000000100000000)
  eden space 125952K, 49% used [0x00000000d5f00000,0x00000000d9b6b3d8,0x00000000dda00000)
  from space 15872K, 0% used [0x00000000dda00000,0x00000000dda00000,0x00000000de980000)
  to   space 15872K, 0% used [0x00000000e0380000,0x00000000e0380000,0x00000000e1300000)
 ParOldGen       total 58368K, used 24097K [0x0000000081c00000, 0x0000000085500000, 0x00000000d5f00000)
  object space 58368K, 41% used [0x0000000081c00000,0x00000000833884f8,0x0000000085500000)
 Metaspace       used 57457K, capacity 59684K, committed 59904K, reserved 1101824K
  class space    used 7743K, capacity 8138K, committed 8192K, reserved 1048576K
GC Heap History (10 events):
Event: 4.763 GC heap before
{Heap before GC invocations=10 (full 2):
 PSYoungGen      total 109568K, used 4085K [0x00000000d5f00000, 0x00000000ded80000, 0x0000000100000000)
  eden space 105472K, 0% used [0x00000000d5f00000,0x00000000d5f00000,0x00000000dc600000)
  from space 4096K, 99% used [0x00000000de980000,0x00000000ded7d720,0x00000000ded80000)
  to   space 8704K, 0% used [0x00000000ddc80000,0x00000000ddc80000,0x00000000de500000)
 ParOldGen       total 58368K, used 16097K [0x0000000081c00000, 0x0000000085500000, 0x00000000d5f00000)
  object space 58368K, 27% used [0x0000000081c00000,0x0000000082bb85c0,0x0000000085500000)
 Metaspace       used 34184K, capacity 35400K, committed 35496K, reserved 1081344K
  class space    used 4404K, capacity 4666K, committed 4736K, reserved 1048576K
Event: 4.817 GC heap after
Heap after GC invocations=10 (full 2):
 PSYoungGen      total 109568K, used 0K [0x00000000d5f00000, 0x00000000ded80000, 0x0000000100000000)
  eden space 105472K, 0% used [0x00000000d5f00000,0x00000000d5f00000,0x00000000dc600000)
  from space 4096K, 0% used [0x00000000de980000,0x00000000de980000,0x00000000ded80000)
  to   space 8704K, 0% used [0x00000000ddc80000,0x00000000ddc80000,0x00000000de500000)
 ParOldGen       total 58368K, used 15916K [0x0000000081c00000, 0x0000000085500000, 0x00000000d5f00000)
  object space 58368K, 27% used [0x0000000081c00000,0x0000000082b8b298,0x0000000085500000)
 Metaspace       used 34184K, capacity 35400K, committed 35496K, reserved 1081344K
  class space    used 4404K, capacity 4666K, committed 4736K, reserved 1048576K
}
Event: 6.721 GC heap before
{Heap before GC invocations=11 (full 2):
 PSYoungGen      total 109568K, used 105472K [0x00000000d5f00000, 0x00000000ded80000, 0x0000000100000000)
  eden space 105472K, 100% used [0x00000000d5f00000,0x00000000dc600000,0x00000000dc600000)
  from space 4096K, 0% used [0x00000000de980000,0x00000000de980000,0x00000000ded80000)
  to   space 8704K, 0% used [0x00000000ddc80000,0x00000000ddc80000,0x00000000de500000)
 ParOldGen       total 58368K, used 15916K [0x0000000081c00000, 0x0000000085500000, 0x00000000d5f00000)
  object space 58368K, 27% used [0x0000000081c00000,0x0000000082b8b298,0x0000000085500000)
 Metaspace       used 43325K, capacity 44762K, committed 44928K, reserved 1087488K
  class space    used 5654K, capacity 5943K, committed 6016K, reserved 1048576K
Event: 6.727 GC heap after
Heap after GC invocations=11 (full 2):
 PSYoungGen      total 137216K, used 8678K [0x00000000d5f00000, 0x00000000df680000, 0x0000000100000000)
  eden space 128512K, 0% used [0x00000000d5f00000,0x00000000d5f00000,0x00000000ddc80000)
  from space 8704K, 99% used [0x00000000ddc80000,0x00000000de4f9ad8,0x00000000de500000)
  to   space 13312K, 0% used [0x00000000de980000,0x00000000de980000,0x00000000df680000)
 ParOldGen       total 58368K, used 18291K [0x0000000081c00000, 0x0000000085500000, 0x00000000d5f00000)
  object space 58368K, 31% used [0x0000000081c00000,0x0000000082ddcf78,0x0000000085500000)
 Metaspace       used 43325K, capacity 44762K, committed 44928K, reserved 1087488K
  class space    used 5654K, capacity 5943K, committed 6016K, reserved 1048576K
}
Event: 7.993 GC heap before
{Heap before GC invocations=12 (full 2):
 PSYoungGen      total 137216K, used 137190K [0x00000000d5f00000, 0x00000000df680000, 0x0000000100000000)
  eden space 128512K, 100% used [0x00000000d5f00000,0x00000000ddc80000,0x00000000ddc80000)
  from space 8704K, 99% used [0x00000000ddc80000,0x00000000de4f9ad8,0x00000000de500000)
  to   space 13312K, 0% used [0x00000000de980000,0x00000000de980000,0x00000000df680000)
 ParOldGen       total 58368K, used 18291K [0x0000000081c00000, 0x0000000085500000, 0x00000000d5f00000)
  object space 58368K, 31% used [0x0000000081c00000,0x0000000082ddcf78,0x0000000085500000)
 Metaspace       used 52945K, capacity 54642K, committed 54912K, reserved 1097728K
  class space    used 7146K, capacity 7489K, committed 7552K, reserved 1048576K
Event: 8.008 GC heap after
Heap after GC invocations=12 (full 2):
 PSYoungGen      total 139264K, used 13304K [0x00000000d5f00000, 0x00000000e1780000, 0x0000000100000000)
  eden space 125952K, 0% used [0x00000000d5f00000,0x00000000d5f00000,0x00000000dda00000)
  from space 13312K, 99% used [0x00000000de980000,0x00000000df67e120,0x00000000df680000)
  to   space 15872K, 0% used [0x00000000dda00000,0x00000000dda00000,0x00000000de980000)
 ParOldGen       total 58368K, used 20797K [0x0000000081c00000, 0x0000000085500000, 0x00000000d5f00000)
  object space 58368K, 35% used [0x0000000081c00000,0x000000008304f638,0x0000000085500000)
 Metaspace       used 52945K, capacity 54642K, committed 54912K, reserved 1097728K
  class space    used 7146K, capacity 7489K, committed 7552K, reserved 1048576K
}
Event: 9.285 GC heap before
{Heap before GC invocations=13 (full 2):
 PSYoungGen      total 139264K, used 104124K [0x00000000d5f00000, 0x00000000e1780000, 0x0000000100000000)
  eden space 125952K, 72% used [0x00000000d5f00000,0x00000000db7b11b0,0x00000000dda00000)
  from space 13312K, 99% used [0x00000000de980000,0x00000000df67e120,0x00000000df680000)
  to   space 15872K, 0% used [0x00000000dda00000,0x00000000dda00000,0x00000000de980000)
 ParOldGen       total 58368K, used 20797K [0x0000000081c00000, 0x0000000085500000, 0x00000000d5f00000)
  object space 58368K, 35% used [0x0000000081c00000,0x000000008304f638,0x0000000085500000)
 Metaspace       used 56914K, capacity 59154K, committed 59160K, reserved 1099776K
  class space    used 7652K, capacity 8059K, committed 8064K, reserved 1048576K
Event: 9.296 GC heap after
Heap after GC invocations=13 (full 2):
 PSYoungGen      total 141824K, used 3969K [0x00000000d5f00000, 0x00000000e1300000, 0x0000000100000000)
  eden space 125952K, 0% used [0x00000000d5f00000,0x00000000d5f00000,0x00000000dda00000)
  from space 15872K, 25% used [0x00000000dda00000,0x00000000ddde07b8,0x00000000de980000)
  to   space 15872K, 0% used [0x00000000e0380000,0x00000000e0380000,0x00000000e1300000)
 ParOldGen       total 58368K, used 28693K [0x0000000081c00000, 0x0000000085500000, 0x00000000d5f00000)
  object space 58368K, 49% used [0x0000000081c00000,0x00000000838055f0,0x0000000085500000)
 Metaspace       used 56914K, capacity 59154K, committed 59160K, reserved 1099776K
  class space    used 7652K, capacity 8059K, committed 8064K, reserved 1048576K
}
Event: 9.296 GC heap before
{Heap before GC invocations=14 (full 3):
 PSYoungGen      total 141824K, used 3969K [0x00000000d5f00000, 0x00000000e1300000, 0x0000000100000000)
  eden space 125952K, 0% used [0x00000000d5f00000,0x00000000d5f00000,0x00000000dda00000)
  from space 15872K, 25% used [0x00000000dda00000,0x00000000ddde07b8,0x00000000de980000)
  to   space 15872K, 0% used [0x00000000e0380000,0x00000000e0380000,0x00000000e1300000)
 ParOldGen       total 58368K, used 28693K [0x0000000081c00000, 0x0000000085500000, 0x00000000d5f00000)
  object space 58368K, 49% used [0x0000000081c00000,0x00000000838055f0,0x0000000085500000)
 Metaspace       used 56914K, capacity 59154K, committed 59160K, reserved 1099776K
  class space    used 7652K, capacity 8059K, committed 8064K, reserved 1048576K
Event: 9.449 GC heap after
Heap after GC invocations=14 (full 3):
 PSYoungGen      total 141824K, used 0K [0x00000000d5f00000, 0x00000000e1300000, 0x0000000100000000)
  eden space 125952K, 0% used [0x00000000d5f00000,0x00000000d5f00000,0x00000000dda00000)
  from space 15872K, 0% used [0x00000000dda00000,0x00000000dda00000,0x00000000de980000)
  to   space 15872K, 0% used [0x00000000e0380000,0x00000000e0380000,0x00000000e1300000)
 ParOldGen       total 58368K, used 24097K [0x0000000081c00000, 0x0000000085500000, 0x00000000d5f00000)
  object space 58368K, 41% used [0x0000000081c00000,0x00000000833884f8,0x0000000085500000)
 Metaspace       used 56914K, capacity 59154K, committed 59160K, reserved 1099776K
  class space    used 7652K, capacity 8059K, committed 8064K, reserved 1048576K
}

