# JRE version: Java(TM) SE Runtime Environment (8.0_231-b11) (build 1.8.0_231-b11)
# Java VM: Java HotSpot(TM) 64-Bit Server VM (25.231-b11 mixed mode windows-amd64 compressed oops)
Heap:
 PSYoungGen      total 199168K, used 43371K [0x00000000d5f00000, 0x00000000e3000000, 0x0000000100000000)
  eden space 187392K, 18% used [0x00000000d5f00000,0x00000000d8075cf8,0x00000000e1600000)
  from space 11776K, 77% used [0x00000000e2480000,0x00000000e2d64f98,0x00000000e3000000)
  to   space 13312K, 0% used [0x00000000e1600000,0x00000000e1600000,0x00000000e2300000)
 ParOldGen       total 82432K, used 23869K [0x0000000081c00000, 0x0000000086c80000, 0x00000000d5f00000)
  object space 82432K, 28% used [0x0000000081c00000,0x000000008334f710,0x0000000086c80000)
 Metaspace       used 56713K, capacity 58748K, committed 59008K, reserved 1099776K
  class space    used 7608K, capacity 7998K, committed 8064K, reserved 1048576K
GC Heap History (10 events):
Event: 4.134 GC heap before
{Heap before GC invocations=10 (full 1):
 PSYoungGen      total 115712K, used 114520K [0x00000000d5f00000, 0x00000000dd880000, 0x0000000100000000)
  eden space 108032K, 100% used [0x00000000d5f00000,0x00000000dc880000,0x00000000dc880000)
  from space 7680K, 84% used [0x00000000dd100000,0x00000000dd756080,0x00000000dd880000)
  to   space 8192K, 0% used [0x00000000dc880000,0x00000000dc880000,0x00000000dd080000)
 ParOldGen       total 53248K, used 6469K [0x0000000081c00000, 0x0000000085000000, 0x00000000d5f00000)
  object space 53248K, 12% used [0x0000000081c00000,0x0000000082251528,0x0000000085000000)
 Metaspace       used 33335K, capacity 34508K, committed 34816K, reserved 1079296K
  class space    used 4290K, capacity 4554K, committed 4608K, reserved 1048576K
Event: 4.143 GC heap after
Heap after GC invocations=10 (full 1):
 PSYoungGen      total 116224K, used 8188K [0x00000000d5f00000, 0x00000000e0100000, 0x0000000100000000)
  eden space 108032K, 0% used [0x00000000d5f00000,0x00000000d5f00000,0x00000000dc880000)
  from space 8192K, 99% used [0x00000000dc880000,0x00000000dd07f008,0x00000000dd080000)
  to   space 10240K, 0% used [0x00000000df700000,0x00000000df700000,0x00000000e0100000)
 ParOldGen       total 53248K, used 9918K [0x0000000081c00000, 0x0000000085000000, 0x00000000d5f00000)
  object space 53248K, 18% used [0x0000000081c00000,0x00000000825af820,0x0000000085000000)
 Metaspace       used 33335K, capacity 34508K, committed 34816K, reserved 1079296K
  class space    used 4290K, capacity 4554K, committed 4608K, reserved 1048576K
}
Event: 4.374 GC heap before
{Heap before GC invocations=11 (full 1):
 PSYoungGen      total 116224K, used 38039K [0x00000000d5f00000, 0x00000000e0100000, 0x0000000100000000)
  eden space 108032K, 27% used [0x00000000d5f00000,0x00000000d7c26e80,0x00000000dc880000)
  from space 8192K, 99% used [0x00000000dc880000,0x00000000dd07f008,0x00000000dd080000)
  to   space 10240K, 0% used [0x00000000df700000,0x00000000df700000,0x00000000e0100000)
 ParOldGen       total 53248K, used 9918K [0x0000000081c00000, 0x0000000085000000, 0x00000000d5f00000)
  object space 53248K, 18% used [0x0000000081c00000,0x00000000825af820,0x0000000085000000)
 Metaspace       used 34191K, capacity 35416K, committed 35496K, reserved 1081344K
  class space    used 4407K, capacity 4672K, committed 4736K, reserved 1048576K
Event: 4.380 GC heap after
Heap after GC invocations=11 (full 1):
 PSYoungGen      total 155648K, used 5857K [0x00000000d5f00000, 0x00000000e0200000, 0x0000000100000000)
  eden space 145408K, 0% used [0x00000000d5f00000,0x00000000d5f00000,0x00000000ded00000)
  from space 10240K, 57% used [0x00000000df700000,0x00000000dfcb84d8,0x00000000e0100000)
  to   space 10240K, 0% used [0x00000000ded00000,0x00000000ded00000,0x00000000df700000)
 ParOldGen       total 53248K, used 12744K [0x0000000081c00000, 0x0000000085000000, 0x00000000d5f00000)
  object space 53248K, 23% used [0x0000000081c00000,0x00000000828723d8,0x0000000085000000)
 Metaspace       used 34191K, capacity 35416K, committed 35496K, reserved 1081344K
  class space    used 4407K, capacity 4672K, committed 4736K, reserved 1048576K
}
Event: 4.380 GC heap before
{Heap before GC invocations=12 (full 2):
 PSYoungGen      total 155648K, used 5857K [0x00000000d5f00000, 0x00000000e0200000, 0x0000000100000000)
  eden space 145408K, 0% used [0x00000000d5f00000,0x00000000d5f00000,0x00000000ded00000)
  from space 10240K, 57% used [0x00000000df700000,0x00000000dfcb84d8,0x00000000e0100000)
  to   space 10240K, 0% used [0x00000000ded00000,0x00000000ded00000,0x00000000df700000)
 ParOldGen       total 53248K, used 12744K [0x0000000081c00000, 0x0000000085000000, 0x00000000d5f00000)
  object space 53248K, 23% used [0x0000000081c00000,0x00000000828723d8,0x0000000085000000)
 Metaspace       used 34191K, capacity 35416K, committed 35496K, reserved 1081344K
  class space    used 4407K, capacity 4672K, committed 4736K, reserved 1048576K
Event: 4.420 GC heap after
Heap after GC invocations=12 (full 2):
 PSYoungGen      total 155648K, used 0K [0x00000000d5f00000, 0x00000000e0200000, 0x0000000100000000)
  eden space 145408K, 0% used [0x00000000d5f00000,0x00000000d5f00000,0x00000000ded00000)
  from space 10240K, 0% used [0x00000000df700000,0x00000000df700000,0x00000000e0100000)
  to   space 10240K, 0% used [0x00000000ded00000,0x00000000ded00000,0x00000000df700000)
 ParOldGen       total 82432K, used 13678K [0x0000000081c00000, 0x0000000086c80000, 0x00000000d5f00000)
  object space 82432K, 16% used [0x0000000081c00000,0x000000008295bbf8,0x0000000086c80000)
 Metaspace       used 34191K, capacity 35416K, committed 35496K, reserved 1081344K
  class space    used 4407K, capacity 4672K, committed 4736K, reserved 1048576K
}
Event: 6.715 GC heap before
{Heap before GC invocations=13 (full 2):
 PSYoungGen      total 155648K, used 145408K [0x00000000d5f00000, 0x00000000e0200000, 0x0000000100000000)
  eden space 145408K, 100% used [0x00000000d5f00000,0x00000000ded00000,0x00000000ded00000)
  from space 10240K, 0% used [0x00000000df700000,0x00000000df700000,0x00000000e0100000)
  to   space 10240K, 0% used [0x00000000ded00000,0x00000000ded00000,0x00000000df700000)
 ParOldGen       total 82432K, used 13678K [0x0000000081c00000, 0x0000000086c80000, 0x00000000d5f00000)
  object space 82432K, 16% used [0x0000000081c00000,0x000000008295bbf8,0x0000000086c80000)
 Metaspace       used 46951K, capacity 48360K, committed 48768K, reserved 1091584K
  class space    used 6166K, capacity 6460K, committed 6528K, reserved 1048576K
Event: 6.725 GC heap after
Heap after GC invocations=13 (full 2):
 PSYoungGen      total 155648K, used 10238K [0x00000000d5f00000, 0x00000000e3100000, 0x0000000100000000)
  eden space 145408K, 0% used [0x00000000d5f00000,0x00000000d5f00000,0x00000000ded00000)
  from space 10240K, 99% used [0x00000000ded00000,0x00000000df6ffa20,0x00000000df700000)
  to   space 12800K, 0% used [0x00000000e2480000,0x00000000e2480000,0x00000000e3100000)
 ParOldGen       total 82432K, used 18165K [0x0000000081c00000, 0x0000000086c80000, 0x00000000d5f00000)
  object space 82432K, 22% used [0x0000000081c00000,0x0000000082dbd758,0x0000000086c80000)
 Metaspace       used 46951K, capacity 48360K, committed 48768K, reserved 1091584K
  class space    used 6166K, capacity 6460K, committed 6528K, reserved 1048576K
}
Event: 8.497 GC heap before
{Heap before GC invocations=14 (full 2):
 PSYoungGen      total 155648K, used 155646K [0x00000000d5f00000, 0x00000000e3100000, 0x0000000100000000)
  eden space 145408K, 100% used [0x00000000d5f00000,0x00000000ded00000,0x00000000ded00000)
  from space 10240K, 99% used [0x00000000ded00000,0x00000000df6ffa20,0x00000000df700000)
  to   space 12800K, 0% used [0x00000000e2480000,0x00000000e2480000,0x00000000e3100000)
 ParOldGen       total 82432K, used 18165K [0x0000000081c00000, 0x0000000086c80000, 0x00000000d5f00000)
  object space 82432K, 22% used [0x0000000081c00000,0x0000000082dbd758,0x0000000086c80000)
 Metaspace       used 55758K, capacity 57632K, committed 57856K, reserved 1099776K
  class space    used 7504K, capacity 7870K, committed 7936K, reserved 1048576K
Event: 8.517 GC heap after
Heap after GC invocations=14 (full 2):
 PSYoungGen      total 199168K, used 9107K [0x00000000d5f00000, 0x00000000e3000000, 0x0000000100000000)
  eden space 187392K, 0% used [0x00000000d5f00000,0x00000000d5f00000,0x00000000e1600000)
  from space 11776K, 77% used [0x00000000e2480000,0x00000000e2d64f98,0x00000000e3000000)
  to   space 13312K, 0% used [0x00000000e1600000,0x00000000e1600000,0x00000000e2300000)
 ParOldGen       total 82432K, used 23869K [0x0000000081c00000, 0x0000000086c80000, 0x00000000d5f00000)
  object space 82432K, 28% used [0x0000000081c00000,0x000000008334f710,0x0000000086c80000)
 Metaspace       used 55758K, capacity 57632K, committed 57856K, reserved 1099776K
  class space    used 7504K, capacity 7870K, committed 7936K, reserved 1048576K
}

