# JRE version: Java(TM) SE Runtime Environment (8.0_231-b11) (build 1.8.0_231-b11)
# Java VM: Java HotSpot(TM) 64-Bit Server VM (25.231-b11 mixed mode windows-amd64 compressed oops)
Heap:
 PSYoungGen      total 202240K, used 56822K [0x00000000d5f00000, 0x00000000e6400000, 0x0000000100000000)
  eden space 188928K, 30% used [0x00000000d5f00000,0x00000000d967db98,0x00000000e1780000)
  from space 13312K, 0% used [0x00000000e1780000,0x00000000e1780000,0x00000000e2480000)
  to   space 13824K, 0% used [0x00000000e5680000,0x00000000e5680000,0x00000000e6400000)
 ParOldGen       total 117760K, used 23226K [0x0000000081c00000, 0x0000000088f00000, 0x00000000d5f00000)
  object space 117760K, 19% used [0x0000000081c00000,0x00000000832aeb20,0x0000000088f00000)
 Metaspace       used 57344K, capacity 59610K, committed 59904K, reserved 1101824K
  class space    used 7730K, capacity 8133K, committed 8192K, reserved 1048576K
GC Heap History (10 events):
Event: 4.075 GC heap before
{Heap before GC invocations=12 (full 2):
 PSYoungGen      total 156672K, used 5267K [0x00000000d5f00000, 0x00000000e0380000, 0x0000000100000000)
  eden space 146432K, 0% used [0x00000000d5f00000,0x00000000d5f00000,0x00000000dee00000)
  from space 10240K, 51% used [0x00000000df800000,0x00000000dfd24d70,0x00000000e0200000)
  to   space 10240K, 0% used [0x00000000dee00000,0x00000000dee00000,0x00000000df800000)
 ParOldGen       total 53760K, used 13271K [0x0000000081c00000, 0x0000000085080000, 0x00000000d5f00000)
  object space 53760K, 24% used [0x0000000081c00000,0x00000000828f5c48,0x0000000085080000)
 Metaspace       used 34077K, capacity 35320K, committed 35456K, reserved 1079296K
  class space    used 4390K, capacity 4662K, committed 4736K, reserved 1048576K
Event: 4.113 GC heap after
Heap after GC invocations=12 (full 2):
 PSYoungGen      total 156672K, used 0K [0x00000000d5f00000, 0x00000000e0380000, 0x0000000100000000)
  eden space 146432K, 0% used [0x00000000d5f00000,0x00000000d5f00000,0x00000000dee00000)
  from space 10240K, 0% used [0x00000000df800000,0x00000000df800000,0x00000000e0200000)
  to   space 10240K, 0% used [0x00000000dee00000,0x00000000dee00000,0x00000000df800000)
 ParOldGen       total 81408K, used 13416K [0x0000000081c00000, 0x0000000086b80000, 0x00000000d5f00000)
  object space 81408K, 16% used [0x0000000081c00000,0x000000008291a3d8,0x0000000086b80000)
 Metaspace       used 34077K, capacity 35320K, committed 35456K, reserved 1079296K
  class space    used 4390K, capacity 4662K, committed 4736K, reserved 1048576K
}
Event: 6.354 GC heap before
{Heap before GC invocations=13 (full 2):
 PSYoungGen      total 156672K, used 146432K [0x00000000d5f00000, 0x00000000e0380000, 0x0000000100000000)
  eden space 146432K, 100% used [0x00000000d5f00000,0x00000000dee00000,0x00000000dee00000)
  from space 10240K, 0% used [0x00000000df800000,0x00000000df800000,0x00000000e0200000)
  to   space 10240K, 0% used [0x00000000dee00000,0x00000000dee00000,0x00000000df800000)
 ParOldGen       total 81408K, used 13416K [0x0000000081c00000, 0x0000000086b80000, 0x00000000d5f00000)
  object space 81408K, 16% used [0x0000000081c00000,0x000000008291a3d8,0x0000000086b80000)
 Metaspace       used 46348K, capacity 47772K, committed 48128K, reserved 1091584K
  class space    used 6073K, capacity 6364K, committed 6400K, reserved 1048576K
Event: 6.365 GC heap after
Heap after GC invocations=13 (full 2):
 PSYoungGen      total 156672K, used 10217K [0x00000000d5f00000, 0x00000000e3280000, 0x0000000100000000)
  eden space 146432K, 0% used [0x00000000d5f00000,0x00000000d5f00000,0x00000000dee00000)
  from space 10240K, 99% used [0x00000000dee00000,0x00000000df7fa628,0x00000000df800000)
  to   space 12800K, 0% used [0x00000000e2600000,0x00000000e2600000,0x00000000e3280000)
 ParOldGen       total 81408K, used 17730K [0x0000000081c00000, 0x0000000086b80000, 0x00000000d5f00000)
  object space 81408K, 21% used [0x0000000081c00000,0x0000000082d50938,0x0000000086b80000)
 Metaspace       used 46348K, capacity 47772K, committed 48128K, reserved 1091584K
  class space    used 6073K, capacity 6364K, committed 6400K, reserved 1048576K
}
Event: 7.736 GC heap before
{Heap before GC invocations=14 (full 2):
 PSYoungGen      total 156672K, used 156649K [0x00000000d5f00000, 0x00000000e3280000, 0x0000000100000000)
  eden space 146432K, 100% used [0x00000000d5f00000,0x00000000dee00000,0x00000000dee00000)
  from space 10240K, 99% used [0x00000000dee00000,0x00000000df7fa628,0x00000000df800000)
  to   space 12800K, 0% used [0x00000000e2600000,0x00000000e2600000,0x00000000e3280000)
 ParOldGen       total 81408K, used 17730K [0x0000000081c00000, 0x0000000086b80000, 0x00000000d5f00000)
  object space 81408K, 21% used [0x0000000081c00000,0x0000000082d50938,0x0000000086b80000)
 Metaspace       used 55727K, capacity 57584K, committed 57856K, reserved 1099776K
  class space    used 7505K, capacity 7870K, committed 7936K, reserved 1048576K
Event: 7.751 GC heap after
Heap after GC invocations=14 (full 2):
 PSYoungGen      total 200704K, used 9877K [0x00000000d5f00000, 0x00000000e3180000, 0x0000000100000000)
  eden space 188928K, 0% used [0x00000000d5f00000,0x00000000d5f00000,0x00000000e1780000)
  from space 11776K, 83% used [0x00000000e2600000,0x00000000e2fa5530,0x00000000e3180000)
  to   space 13312K, 0% used [0x00000000e1780000,0x00000000e1780000,0x00000000e2480000)
 ParOldGen       total 81408K, used 23939K [0x0000000081c00000, 0x0000000086b80000, 0x00000000d5f00000)
  object space 81408K, 29% used [0x0000000081c00000,0x0000000083360cd0,0x0000000086b80000)
 Metaspace       used 55727K, capacity 57584K, committed 57856K, reserved 1099776K
  class space    used 7505K, capacity 7870K, committed 7936K, reserved 1048576K
}
Event: 8.714 GC heap before
{Heap before GC invocations=15 (full 2):
 PSYoungGen      total 200704K, used 50942K [0x00000000d5f00000, 0x00000000e3180000, 0x0000000100000000)
  eden space 188928K, 21% used [0x00000000d5f00000,0x00000000d871a630,0x00000000e1780000)
  from space 11776K, 83% used [0x00000000e2600000,0x00000000e2fa5530,0x00000000e3180000)
  to   space 13312K, 0% used [0x00000000e1780000,0x00000000e1780000,0x00000000e2480000)
 ParOldGen       total 81408K, used 23939K [0x0000000081c00000, 0x0000000086b80000, 0x00000000d5f00000)
  object space 81408K, 29% used [0x0000000081c00000,0x0000000083360cd0,0x0000000086b80000)
 Metaspace       used 56878K, capacity 59080K, committed 59096K, reserved 1099776K
  class space    used 7648K, capacity 8054K, committed 8064K, reserved 1048576K
Event: 8.722 GC heap after
Heap after GC invocations=15 (full 2):
 PSYoungGen      total 202240K, used 2052K [0x00000000d5f00000, 0x00000000e6400000, 0x0000000100000000)
  eden space 188928K, 0% used [0x00000000d5f00000,0x00000000d5f00000,0x00000000e1780000)
  from space 13312K, 15% used [0x00000000e1780000,0x00000000e1981020,0x00000000e2480000)
  to   space 13824K, 0% used [0x00000000e5680000,0x00000000e5680000,0x00000000e6400000)
 ParOldGen       total 81408K, used 27241K [0x0000000081c00000, 0x0000000086b80000, 0x00000000d5f00000)
  object space 81408K, 33% used [0x0000000081c00000,0x000000008369a5f8,0x0000000086b80000)
 Metaspace       used 56878K, capacity 59080K, committed 59096K, reserved 1099776K
  class space    used 7648K, capacity 8054K, committed 8064K, reserved 1048576K
}
Event: 8.722 GC heap before
{Heap before GC invocations=16 (full 3):
 PSYoungGen      total 202240K, used 2052K [0x00000000d5f00000, 0x00000000e6400000, 0x0000000100000000)
  eden space 188928K, 0% used [0x00000000d5f00000,0x00000000d5f00000,0x00000000e1780000)
  from space 13312K, 15% used [0x00000000e1780000,0x00000000e1981020,0x00000000e2480000)
  to   space 13824K, 0% used [0x00000000e5680000,0x00000000e5680000,0x00000000e6400000)
 ParOldGen       total 81408K, used 27241K [0x0000000081c00000, 0x0000000086b80000, 0x00000000d5f00000)
  object space 81408K, 33% used [0x0000000081c00000,0x000000008369a5f8,0x0000000086b80000)
 Metaspace       used 56878K, capacity 59080K, committed 59096K, reserved 1099776K
  class space    used 7648K, capacity 8054K, committed 8064K, reserved 1048576K
Event: 8.867 GC heap after
Heap after GC invocations=16 (full 3):
 PSYoungGen      total 202240K, used 0K [0x00000000d5f00000, 0x00000000e6400000, 0x0000000100000000)
  eden space 188928K, 0% used [0x00000000d5f00000,0x00000000d5f00000,0x00000000e1780000)
  from space 13312K, 0% used [0x00000000e1780000,0x00000000e1780000,0x00000000e2480000)
  to   space 13824K, 0% used [0x00000000e5680000,0x00000000e5680000,0x00000000e6400000)
 ParOldGen       total 117760K, used 23226K [0x0000000081c00000, 0x0000000088f00000, 0x00000000d5f00000)
  object space 117760K, 19% used [0x0000000081c00000,0x00000000832aeb20,0x0000000088f00000)
 Metaspace       used 56878K, capacity 59080K, committed 59096K, reserved 1099776K
  class space    used 7648K, capacity 8054K, committed 8064K, reserved 1048576K
}

